 ⨯ Error: Could not find the module "C:\Users\najee\Documents\Glen Portfolio\node_modules\next\dist\next-devtools\userspace\app\segment-explorer-node.js#SegmentViewNode" in the React Client Manifest. This is probably a bug in the React Server Components bundler.
    at stringify (<anonymous>) {
  digest: '748307230'
}
 ⨯ Error: Could not find the module "C:\Users\najee\Documents\Glen Portfolio\node_modules\next\dist\next-devtools\userspace\app\segment-explorer-node.js#SegmentViewNode" in the React Client Manifest. This is probably a bug in the React Server Components bundler.
    at stringify (<anonymous>)
    at stringify (<anonymous>) {
  digest: '3936755514'
}
 ⨯ Error: Could not find the module "C:\Users\najee\Documents\Glen Portfolio\node_modules\next\dist\next-devtools\userspace\app\segment-explorer-node.js#SegmentViewNode" in the React Client Manifest. This is probably a bug in the React Server Components bundler.
    at stringify (<anonymous>)
    at stringify (<anonymous>) {
  digest: '3936755514'
}
 ⨯ Error: Could not find the module "C:\Users\najee\Documents\Glen Portfolio\node_modules\next\dist\next-devtools\userspace\app\segment-explorer-node.js#SegmentViewNode" in the React Client Manifest. This is probably a bug in the React Server Components bundler.
    at stringify (<anonymous>)
    at stringify (<anonymous>) {
  digest: '3936755514'
}
 ⨯ Error: Could not find the module "C:\Users\najee\Documents\Glen Portfolio\node_modules\next\dist\next-devtools\userspace\app\segment-explorer-node.js#SegmentViewNode" in the React Client Manifest. This is probably a bug in the React Server Components bundler.
    at stringify (<anonymous>) {
  digest: '748307230'
}
 ⨯ Error: Could not find the module "C:\Users\najee\Documents\Glen Portfolio\node_modules\next\dist\next-devtools\userspace\app\segment-explorer-node.js#SegmentViewNode" in the React Client Manifest. This is probably a bug in the React Server Components bundler.
    at stringify (<anonymous>) {
  digest: '748307230'
}
 ⨯ [TypeError: __webpack_modules__[moduleId] is not a function] {
  digest: '2363039184'
}
 ⨯ Error: Could not find the module "C:\Users\najee\Documents\Glen Portfolio\node_modules\next\dist\next-devtools\userspace\app\segment-explorer-node.js#SegmentViewNode" in the React Client Manifest. This is probably a bug in the React Server Components bundler.
    at stringify (<anonymous>) {
  digest: '748307230'
}
[TypeError: __webpack_modules__[moduleId] is not a function]
 ⨯ [TypeError: __webpack_modules__[moduleId] is not a function]
 ⨯ [TypeError: __webpack_modules__[moduleId] is not a function] {
  page: '/'
}
Watchpack Error (initial scan): Error: EINVAL: invalid argument, lstat 'C:\DumpStack.log.tmp'
Watchpack Error (initial scan): Error: EINVAL: invalid argument, lstat 'C:\hiberfil.sys'
Watchpack Error (initial scan): Error: EINVAL: invalid argument, lstat 'C:\pagefile.sys'
Watchpack Error (initial scan): Error: EINVAL: invalid argument, lstat 'C:\swapfile.sys'
Watchpack Error (initial scan): Error: EINVAL: invalid argument, lstat 'C:\DumpStack.log.tmp'
Watchpack Error (initial scan): Error: EINVAL: invalid argument, lstat 'C:\hiberfil.sys'
Watchpack Error (initial scan): Error: EINVAL: invalid argument, lstat 'C:\swapfile.sys'
Watchpack Error (initial scan): Error: EINVAL: invalid argument, lstat 'C:\pagefile.sys'
 ⨯ Error: Cannot find module './95.js'
Require stack:
- C:\Users\najee\Documents\Glen Portfolio\.next\server\webpack-runtime.js
- C:\Users\najee\Documents\Glen Portfolio\.next\server\pages\_document.js
- C:\Users\najee\Documents\Glen Portfolio\node_modules\next\dist\server\require.js
- C:\Users\najee\Documents\Glen Portfolio\node_modules\next\dist\server\load-components.js
- C:\Users\najee\Documents\Glen Portfolio\node_modules\next\dist\build\utils.js
- C:\Users\najee\Documents\Glen Portfolio\node_modules\next\dist\build\swc\options.js
- C:\Users\najee\Documents\Glen Portfolio\node_modules\next\dist\build\swc\index.js
- C:\Users\najee\Documents\Glen Portfolio\node_modules\next\dist\build\next-config-ts\transpile-config.js
- C:\Users\najee\Documents\Glen Portfolio\node_modules\next\dist\server\config.js
- C:\Users\najee\Documents\Glen Portfolio\node_modules\next\dist\server\next.js
- C:\Users\najee\Documents\Glen Portfolio\node_modules\next\dist\server\lib\start-server.js
    at <unknown> (C:\Users\najee\Documents\Glen Portfolio\.next\server\app\page.js:2:36257)
    at Object.<anonymous> (C:\Users\najee\Documents\Glen Portfolio\.next\server\app\page.js:2:36301) {
  code: 'MODULE_NOT_FOUND',
  requireStack: [Array],
  page: '/'
}
 ⨯ Error: Cannot find module './95.js'
Require stack:
- C:\Users\najee\Documents\Glen Portfolio\.next\server\webpack-runtime.js
- C:\Users\najee\Documents\Glen Portfolio\.next\server\pages\_document.js
- C:\Users\najee\Documents\Glen Portfolio\node_modules\next\dist\server\require.js
- C:\Users\najee\Documents\Glen Portfolio\node_modules\next\dist\server\load-components.js
- C:\Users\najee\Documents\Glen Portfolio\node_modules\next\dist\build\utils.js
- C:\Users\najee\Documents\Glen Portfolio\node_modules\next\dist\build\swc\options.js
- C:\Users\najee\Documents\Glen Portfolio\node_modules\next\dist\build\swc\index.js
- C:\Users\najee\Documents\Glen Portfolio\node_modules\next\dist\build\next-config-ts\transpile-config.js
- C:\Users\najee\Documents\Glen Portfolio\node_modules\next\dist\server\config.js
- C:\Users\najee\Documents\Glen Portfolio\node_modules\next\dist\server\next.js
- C:\Users\najee\Documents\Glen Portfolio\node_modules\next\dist\server\lib\start-server.js
    at <unknown> (C:\Users\najee\Documents\Glen Portfolio\.next\server\app\page.js:2:36257)
    at Object.<anonymous> (C:\Users\najee\Documents\Glen Portfolio\.next\server\app\page.js:2:36301) {
  code: 'MODULE_NOT_FOUND',
  requireStack: [Array],
  page: '/'
}
